<?xml version="1.0" encoding="UTF-8"?>
<testsuite xmlns:xsi="http://www.w3.org/2001/XMLSchema-instance" xsi:noNamespaceSchemaLocation="https://maven.apache.org/surefire/maven-surefire-plugin/xsd/surefire-test-report.xsd" name="com.avoris.challenge.AvorischallengeApplicationTests" time="17.096" tests="1" errors="0" skipped="0" failures="0">
  <properties>
    <property name="java.specification.version" value="19"/>
    <property name="sun.cpu.isalist" value="amd64"/>
    <property name="sun.jnu.encoding" value="Cp1252"/>
    <property name="java.class.path" value="C:\Users\Adrian\Desktop\challenge-repos\avorischallenge\target\test-classes;C:\Users\Adrian\Desktop\challenge-repos\avorischallenge\target\classes;C:\Users\Adrian\.m2\repository\org\springframework\boot\spring-boot-starter-data-jpa\3.0.3-SNAPSHOT\spring-boot-starter-data-jpa-3.0.3-SNAPSHOT.jar;C:\Users\Adrian\.m2\repository\org\springframework\boot\spring-boot-starter-aop\3.0.3-SNAPSHOT\spring-boot-starter-aop-3.0.3-SNAPSHOT.jar;C:\Users\Adrian\.m2\repository\org\springframework\spring-aop\6.0.5-SNAPSHOT\spring-aop-6.0.5-SNAPSHOT.jar;C:\Users\Adrian\.m2\repository\org\aspectj\aspectjweaver\1.9.19\aspectjweaver-1.9.19.jar;C:\Users\Adrian\.m2\repository\org\springframework\boot\spring-boot-starter-jdbc\3.0.3-SNAPSHOT\spring-boot-starter-jdbc-3.0.3-SNAPSHOT.jar;C:\Users\Adrian\.m2\repository\com\zaxxer\HikariCP\5.0.1\HikariCP-5.0.1.jar;C:\Users\Adrian\.m2\repository\org\springframework\spring-jdbc\6.0.5-SNAPSHOT\spring-jdbc-6.0.5-SNAPSHOT.jar;C:\Users\Adrian\.m2\repository\org\hibernate\orm\hibernate-core\6.1.6.Final\hibernate-core-6.1.6.Final.jar;C:\Users\Adrian\.m2\repository\jakarta\persistence\jakarta.persistence-api\3.1.0\jakarta.persistence-api-3.1.0.jar;C:\Users\Adrian\.m2\repository\jakarta\transaction\jakarta.transaction-api\2.0.1\jakarta.transaction-api-2.0.1.jar;C:\Users\Adrian\.m2\repository\org\jboss\logging\jboss-logging\3.5.0.Final\jboss-logging-3.5.0.Final.jar;C:\Users\Adrian\.m2\repository\org\hibernate\common\hibernate-commons-annotations\6.0.2.Final\hibernate-commons-annotations-6.0.2.Final.jar;C:\Users\Adrian\.m2\repository\org\jboss\jandex\2.4.2.Final\jandex-2.4.2.Final.jar;C:\Users\Adrian\.m2\repository\com\fasterxml\classmate\1.5.1\classmate-1.5.1.jar;C:\Users\Adrian\.m2\repository\net\bytebuddy\byte-buddy\1.12.22\byte-buddy-1.12.22.jar;C:\Users\Adrian\.m2\repository\org\glassfish\jaxb\jaxb-runtime\4.0.1\jaxb-runtime-4.0.1.jar;C:\Users\Adrian\.m2\repository\org\glassfish\jaxb\jaxb-core\4.0.1\jaxb-core-4.0.1.jar;C:\Users\Adrian\.m2\repository\org\eclipse\angus\angus-activation\1.0.0\angus-activation-1.0.0.jar;C:\Users\Adrian\.m2\repository\org\glassfish\jaxb\txw2\4.0.1\txw2-4.0.1.jar;C:\Users\Adrian\.m2\repository\com\sun\istack\istack-commons-runtime\4.1.1\istack-commons-runtime-4.1.1.jar;C:\Users\Adrian\.m2\repository\jakarta\inject\jakarta.inject-api\2.0.0\jakarta.inject-api-2.0.0.jar;C:\Users\Adrian\.m2\repository\org\antlr\antlr4-runtime\4.10.1\antlr4-runtime-4.10.1.jar;C:\Users\Adrian\.m2\repository\org\springframework\data\spring-data-jpa\3.0.2-SNAPSHOT\spring-data-jpa-3.0.2-SNAPSHOT.jar;C:\Users\Adrian\.m2\repository\org\springframework\data\spring-data-commons\3.0.2-SNAPSHOT\spring-data-commons-3.0.2-SNAPSHOT.jar;C:\Users\Adrian\.m2\repository\org\springframework\spring-orm\6.0.5-SNAPSHOT\spring-orm-6.0.5-SNAPSHOT.jar;C:\Users\Adrian\.m2\repository\org\springframework\spring-context\6.0.5-SNAPSHOT\spring-context-6.0.5-SNAPSHOT.jar;C:\Users\Adrian\.m2\repository\org\springframework\spring-tx\6.0.5-SNAPSHOT\spring-tx-6.0.5-SNAPSHOT.jar;C:\Users\Adrian\.m2\repository\org\springframework\spring-beans\6.0.5-SNAPSHOT\spring-beans-6.0.5-SNAPSHOT.jar;C:\Users\Adrian\.m2\repository\jakarta\annotation\jakarta.annotation-api\2.1.1\jakarta.annotation-api-2.1.1.jar;C:\Users\Adrian\.m2\repository\org\slf4j\slf4j-api\2.0.6\slf4j-api-2.0.6.jar;C:\Users\Adrian\.m2\repository\org\springframework\spring-aspects\6.0.5-SNAPSHOT\spring-aspects-6.0.5-SNAPSHOT.jar;C:\Users\Adrian\.m2\repository\org\springframework\boot\spring-boot-starter-web\3.0.3-SNAPSHOT\spring-boot-starter-web-3.0.3-SNAPSHOT.jar;C:\Users\Adrian\.m2\repository\org\springframework\boot\spring-boot-starter\3.0.3-SNAPSHOT\spring-boot-starter-3.0.3-SNAPSHOT.jar;C:\Users\Adrian\.m2\repository\org\springframework\boot\spring-boot\3.0.3-SNAPSHOT\spring-boot-3.0.3-SNAPSHOT.jar;C:\Users\Adrian\.m2\repository\org\springframework\boot\spring-boot-autoconfigure\3.0.3-SNAPSHOT\spring-boot-autoconfigure-3.0.3-SNAPSHOT.jar;C:\Users\Adrian\.m2\repository\org\springframework\boot\spring-boot-starter-logging\3.0.3-SNAPSHOT\spring-boot-starter-logging-3.0.3-SNAPSHOT.jar;C:\Users\Adrian\.m2\repository\ch\qos\logback\logback-classic\1.4.5\logback-classic-1.4.5.jar;C:\Users\Adrian\.m2\repository\ch\qos\logback\logback-core\1.4.5\logback-core-1.4.5.jar;C:\Users\Adrian\.m2\repository\org\apache\logging\log4j\log4j-to-slf4j\2.19.0\log4j-to-slf4j-2.19.0.jar;C:\Users\Adrian\.m2\repository\org\apache\logging\log4j\log4j-api\2.19.0\log4j-api-2.19.0.jar;C:\Users\Adrian\.m2\repository\org\slf4j\jul-to-slf4j\2.0.6\jul-to-slf4j-2.0.6.jar;C:\Users\Adrian\.m2\repository\org\yaml\snakeyaml\1.33\snakeyaml-1.33.jar;C:\Users\Adrian\.m2\repository\org\springframework\boot\spring-boot-starter-json\3.0.3-SNAPSHOT\spring-boot-starter-json-3.0.3-SNAPSHOT.jar;C:\Users\Adrian\.m2\repository\com\fasterxml\jackson\core\jackson-databind\2.14.1\jackson-databind-2.14.1.jar;C:\Users\Adrian\.m2\repository\com\fasterxml\jackson\core\jackson-annotations\2.14.1\jackson-annotations-2.14.1.jar;C:\Users\Adrian\.m2\repository\com\fasterxml\jackson\core\jackson-core\2.14.1\jackson-core-2.14.1.jar;C:\Users\Adrian\.m2\repository\com\fasterxml\jackson\datatype\jackson-datatype-jdk8\2.14.1\jackson-datatype-jdk8-2.14.1.jar;C:\Users\Adrian\.m2\repository\com\fasterxml\jackson\datatype\jackson-datatype-jsr310\2.14.1\jackson-datatype-jsr310-2.14.1.jar;C:\Users\Adrian\.m2\repository\com\fasterxml\jackson\module\jackson-module-parameter-names\2.14.1\jackson-module-parameter-names-2.14.1.jar;C:\Users\Adrian\.m2\repository\org\springframework\boot\spring-boot-starter-tomcat\3.0.3-SNAPSHOT\spring-boot-starter-tomcat-3.0.3-SNAPSHOT.jar;C:\Users\Adrian\.m2\repository\org\apache\tomcat\embed\tomcat-embed-core\10.1.5\tomcat-embed-core-10.1.5.jar;C:\Users\Adrian\.m2\repository\org\apache\tomcat\embed\tomcat-embed-websocket\10.1.5\tomcat-embed-websocket-10.1.5.jar;C:\Users\Adrian\.m2\repository\org\springframework\spring-web\6.0.5-SNAPSHOT\spring-web-6.0.5-SNAPSHOT.jar;C:\Users\Adrian\.m2\repository\io\micrometer\micrometer-observation\1.10.4-SNAPSHOT\micrometer-observation-1.10.4-SNAPSHOT.jar;C:\Users\Adrian\.m2\repository\io\micrometer\micrometer-commons\1.10.4-SNAPSHOT\micrometer-commons-1.10.4-SNAPSHOT.jar;C:\Users\Adrian\.m2\repository\org\springframework\spring-webmvc\6.0.5-SNAPSHOT\spring-webmvc-6.0.5-SNAPSHOT.jar;C:\Users\Adrian\.m2\repository\org\springframework\spring-expression\6.0.5-SNAPSHOT\spring-expression-6.0.5-SNAPSHOT.jar;C:\Users\Adrian\.m2\repository\org\postgresql\postgresql\42.5.1\postgresql-42.5.1.jar;C:\Users\Adrian\.m2\repository\org\checkerframework\checker-qual\3.5.0\checker-qual-3.5.0.jar;C:\Users\Adrian\.m2\repository\org\springframework\boot\spring-boot-starter-test\3.0.3-SNAPSHOT\spring-boot-starter-test-3.0.3-SNAPSHOT.jar;C:\Users\Adrian\.m2\repository\org\springframework\boot\spring-boot-test\3.0.3-SNAPSHOT\spring-boot-test-3.0.3-SNAPSHOT.jar;C:\Users\Adrian\.m2\repository\org\springframework\boot\spring-boot-test-autoconfigure\3.0.3-SNAPSHOT\spring-boot-test-autoconfigure-3.0.3-SNAPSHOT.jar;C:\Users\Adrian\.m2\repository\com\jayway\jsonpath\json-path\2.7.0\json-path-2.7.0.jar;C:\Users\Adrian\.m2\repository\net\minidev\json-smart\2.4.8\json-smart-2.4.8.jar;C:\Users\Adrian\.m2\repository\net\minidev\accessors-smart\2.4.8\accessors-smart-2.4.8.jar;C:\Users\Adrian\.m2\repository\org\ow2\asm\asm\9.1\asm-9.1.jar;C:\Users\Adrian\.m2\repository\jakarta\xml\bind\jakarta.xml.bind-api\4.0.0\jakarta.xml.bind-api-4.0.0.jar;C:\Users\Adrian\.m2\repository\jakarta\activation\jakarta.activation-api\2.1.1\jakarta.activation-api-2.1.1.jar;C:\Users\Adrian\.m2\repository\org\assertj\assertj-core\3.23.1\assertj-core-3.23.1.jar;C:\Users\Adrian\.m2\repository\org\hamcrest\hamcrest\2.2\hamcrest-2.2.jar;C:\Users\Adrian\.m2\repository\org\junit\jupiter\junit-jupiter\5.9.2\junit-jupiter-5.9.2.jar;C:\Users\Adrian\.m2\repository\org\junit\jupiter\junit-jupiter-api\5.9.2\junit-jupiter-api-5.9.2.jar;C:\Users\Adrian\.m2\repository\org\opentest4j\opentest4j\1.2.0\opentest4j-1.2.0.jar;C:\Users\Adrian\.m2\repository\org\junit\platform\junit-platform-commons\1.9.2\junit-platform-commons-1.9.2.jar;C:\Users\Adrian\.m2\repository\org\apiguardian\apiguardian-api\1.1.2\apiguardian-api-1.1.2.jar;C:\Users\Adrian\.m2\repository\org\junit\jupiter\junit-jupiter-params\5.9.2\junit-jupiter-params-5.9.2.jar;C:\Users\Adrian\.m2\repository\org\junit\jupiter\junit-jupiter-engine\5.9.2\junit-jupiter-engine-5.9.2.jar;C:\Users\Adrian\.m2\repository\org\junit\platform\junit-platform-engine\1.9.2\junit-platform-engine-1.9.2.jar;C:\Users\Adrian\.m2\repository\org\mockito\mockito-core\4.8.1\mockito-core-4.8.1.jar;C:\Users\Adrian\.m2\repository\net\bytebuddy\byte-buddy-agent\1.12.22\byte-buddy-agent-1.12.22.jar;C:\Users\Adrian\.m2\repository\org\objenesis\objenesis\3.2\objenesis-3.2.jar;C:\Users\Adrian\.m2\repository\org\mockito\mockito-junit-jupiter\4.8.1\mockito-junit-jupiter-4.8.1.jar;C:\Users\Adrian\.m2\repository\org\skyscreamer\jsonassert\1.5.1\jsonassert-1.5.1.jar;C:\Users\Adrian\.m2\repository\com\vaadin\external\google\android-json\0.0.20131108.vaadin1\android-json-0.0.20131108.vaadin1.jar;C:\Users\Adrian\.m2\repository\org\springframework\spring-core\6.0.5-SNAPSHOT\spring-core-6.0.5-SNAPSHOT.jar;C:\Users\Adrian\.m2\repository\org\springframework\spring-jcl\6.0.5-SNAPSHOT\spring-jcl-6.0.5-SNAPSHOT.jar;C:\Users\Adrian\.m2\repository\org\springframework\spring-test\6.0.5-SNAPSHOT\spring-test-6.0.5-SNAPSHOT.jar;C:\Users\Adrian\.m2\repository\org\xmlunit\xmlunit-core\2.9.1\xmlunit-core-2.9.1.jar;C:\Users\Adrian\.m2\repository\org\springframework\boot\spring-boot-starter-validation\3.0.3-SNAPSHOT\spring-boot-starter-validation-3.0.3-SNAPSHOT.jar;C:\Users\Adrian\.m2\repository\org\apache\tomcat\embed\tomcat-embed-el\10.1.5\tomcat-embed-el-10.1.5.jar;C:\Users\Adrian\.m2\repository\org\hibernate\validator\hibernate-validator\8.0.0.Final\hibernate-validator-8.0.0.Final.jar;C:\Users\Adrian\.m2\repository\jakarta\validation\jakarta.validation-api\3.0.2\jakarta.validation-api-3.0.2.jar;C:\Users\Adrian\.m2\repository\junit\junit\4.13.2\junit-4.13.2.jar;C:\Users\Adrian\.m2\repository\org\hamcrest\hamcrest-core\2.2\hamcrest-core-2.2.jar;C:\Users\Adrian\.m2\repository\org\mockito\mockito-all\2.0.2-beta\mockito-all-2.0.2-beta.jar;C:\Users\Adrian\.m2\repository\com\google\cloud\tools\appengine-maven-plugin\2.4.4\appengine-maven-plugin-2.4.4.jar;C:\Users\Adrian\.m2\repository\org\apache\maven\maven-plugin-api\3.5.0\maven-plugin-api-3.5.0.jar;C:\Users\Adrian\.m2\repository\org\apache\maven\maven-model\3.5.0\maven-model-3.5.0.jar;C:\Users\Adrian\.m2\repository\org\apache\maven\maven-artifact\3.5.0\maven-artifact-3.5.0.jar;C:\Users\Adrian\.m2\repository\org\eclipse\sisu\org.eclipse.sisu.plexus\0.3.3\org.eclipse.sisu.plexus-0.3.3.jar;C:\Users\Adrian\.m2\repository\javax\enterprise\cdi-api\1.0\cdi-api-1.0.jar;C:\Users\Adrian\.m2\repository\javax\annotation\jsr250-api\1.0\jsr250-api-1.0.jar;C:\Users\Adrian\.m2\repository\org\eclipse\sisu\org.eclipse.sisu.inject\0.3.3\org.eclipse.sisu.inject-0.3.3.jar;C:\Users\Adrian\.m2\repository\org\apache\maven\maven-core\3.5.0\maven-core-3.5.0.jar;C:\Users\Adrian\.m2\repository\org\apache\maven\maven-settings\3.5.0\maven-settings-3.5.0.jar;C:\Users\Adrian\.m2\repository\org\apache\maven\maven-settings-builder\3.5.0\maven-settings-builder-3.5.0.jar;C:\Users\Adrian\.m2\repository\org\apache\maven\maven-builder-support\3.5.0\maven-builder-support-3.5.0.jar;C:\Users\Adrian\.m2\repository\org\apache\maven\maven-repository-metadata\3.5.0\maven-repository-metadata-3.5.0.jar;C:\Users\Adrian\.m2\repository\org\apache\maven\maven-model-builder\3.5.0\maven-model-builder-3.5.0.jar;C:\Users\Adrian\.m2\repository\org\apache\maven\maven-resolver-provider\3.5.0\maven-resolver-provider-3.5.0.jar;C:\Users\Adrian\.m2\repository\org\apache\maven\resolver\maven-resolver-impl\1.0.3\maven-resolver-impl-1.0.3.jar;C:\Users\Adrian\.m2\repository\org\apache\maven\resolver\maven-resolver-api\1.0.3\maven-resolver-api-1.0.3.jar;C:\Users\Adrian\.m2\repository\org\apache\maven\resolver\maven-resolver-spi\1.0.3\maven-resolver-spi-1.0.3.jar;C:\Users\Adrian\.m2\repository\org\apache\maven\resolver\maven-resolver-util\1.0.3\maven-resolver-util-1.0.3.jar;C:\Users\Adrian\.m2\repository\org\apache\maven\shared\maven-shared-utils\3.1.0\maven-shared-utils-3.1.0.jar;C:\Users\Adrian\.m2\repository\com\google\inject\guice\4.0\guice-4.0-no_aop.jar;C:\Users\Adrian\.m2\repository\javax\inject\javax.inject\1\javax.inject-1.jar;C:\Users\Adrian\.m2\repository\aopalliance\aopalliance\1.0\aopalliance-1.0.jar;C:\Users\Adrian\.m2\repository\org\codehaus\plexus\plexus-interpolation\1.24\plexus-interpolation-1.24.jar;C:\Users\Adrian\.m2\repository\org\codehaus\plexus\plexus-utils\3.0.24\plexus-utils-3.0.24.jar;C:\Users\Adrian\.m2\repository\org\codehaus\plexus\plexus-classworlds\2.5.2\plexus-classworlds-2.5.2.jar;C:\Users\Adrian\.m2\repository\org\codehaus\plexus\plexus-component-annotations\1.7.1\plexus-component-annotations-1.7.1.jar;C:\Users\Adrian\.m2\repository\org\sonatype\plexus\plexus-sec-dispatcher\1.4\plexus-sec-dispatcher-1.4.jar;C:\Users\Adrian\.m2\repository\org\sonatype\plexus\plexus-cipher\1.4\plexus-cipher-1.4.jar;C:\Users\Adrian\.m2\repository\org\apache\commons\commons-lang3\3.12.0\commons-lang3-3.12.0.jar;C:\Users\Adrian\.m2\repository\com\google\cloud\tools\appengine-plugins-core\0.9.9\appengine-plugins-core-0.9.9.jar;C:\Users\Adrian\.m2\repository\com\google\guava\guava\30.0-jre\guava-30.0-jre.jar;C:\Users\Adrian\.m2\repository\com\google\guava\failureaccess\1.0.1\failureaccess-1.0.1.jar;C:\Users\Adrian\.m2\repository\com\google\guava\listenablefuture\9999.0-empty-to-avoid-conflict-with-guava\listenablefuture-9999.0-empty-to-avoid-conflict-with-guava.jar;C:\Users\Adrian\.m2\repository\com\google\code\findbugs\jsr305\3.0.2\jsr305-3.0.2.jar;C:\Users\Adrian\.m2\repository\com\google\errorprone\error_prone_annotations\2.3.4\error_prone_annotations-2.3.4.jar;C:\Users\Adrian\.m2\repository\com\google\j2objc\j2objc-annotations\1.3\j2objc-annotations-1.3.jar;C:\Users\Adrian\.m2\repository\com\google\code\gson\gson\2.9.1\gson-2.9.1.jar;C:\Users\Adrian\.m2\repository\org\glassfish\javax.json\1.0.4\javax.json-1.0.4.jar;C:\Users\Adrian\.m2\repository\org\apache\commons\commons-compress\1.21\commons-compress-1.21.jar;C:\Users\Adrian\.m2\repository\commons-io\commons-io\2.7\commons-io-2.7.jar;"/>
    <property name="java.vm.vendor" value="Oracle Corporation"/>
    <property name="sun.arch.data.model" value="64"/>
    <property name="user.variant" value=""/>
    <property name="java.vendor.url" value="https://java.oracle.com/"/>
    <property name="user.timezone" value="America/Buenos_Aires"/>
    <property name="os.name" value="Windows 11"/>
    <property name="java.vm.specification.version" value="19"/>
    <property name="sun.java.launcher" value="SUN_STANDARD"/>
    <property name="user.country" value="AR"/>
    <property name="sun.boot.library.path" value="C:\Users\Adrian\.jdks\openjdk-19.0.2\bin"/>
    <property name="sun.java.command" value="C:\Users\Adrian\AppData\Local\Temp\surefire9736950652883674914\surefirebooter14439413029520390941.jar C:\Users\Adrian\AppData\Local\Temp\surefire9736950652883674914 2023-02-15T23-17-27_863-jvmRun1 surefire2481884368727335690tmp surefire_013977071221199271175tmp"/>
    <property name="jdk.debug" value="release"/>
    <property name="surefire.test.class.path" value="C:\Users\Adrian\Desktop\challenge-repos\avorischallenge\target\test-classes;C:\Users\Adrian\Desktop\challenge-repos\avorischallenge\target\classes;C:\Users\Adrian\.m2\repository\org\springframework\boot\spring-boot-starter-data-jpa\3.0.3-SNAPSHOT\spring-boot-starter-data-jpa-3.0.3-SNAPSHOT.jar;C:\Users\Adrian\.m2\repository\org\springframework\boot\spring-boot-starter-aop\3.0.3-SNAPSHOT\spring-boot-starter-aop-3.0.3-SNAPSHOT.jar;C:\Users\Adrian\.m2\repository\org\springframework\spring-aop\6.0.5-SNAPSHOT\spring-aop-6.0.5-SNAPSHOT.jar;C:\Users\Adrian\.m2\repository\org\aspectj\aspectjweaver\1.9.19\aspectjweaver-1.9.19.jar;C:\Users\Adrian\.m2\repository\org\springframework\boot\spring-boot-starter-jdbc\3.0.3-SNAPSHOT\spring-boot-starter-jdbc-3.0.3-SNAPSHOT.jar;C:\Users\Adrian\.m2\repository\com\zaxxer\HikariCP\5.0.1\HikariCP-5.0.1.jar;C:\Users\Adrian\.m2\repository\org\springframework\spring-jdbc\6.0.5-SNAPSHOT\spring-jdbc-6.0.5-SNAPSHOT.jar;C:\Users\Adrian\.m2\repository\org\hibernate\orm\hibernate-core\6.1.6.Final\hibernate-core-6.1.6.Final.jar;C:\Users\Adrian\.m2\repository\jakarta\persistence\jakarta.persistence-api\3.1.0\jakarta.persistence-api-3.1.0.jar;C:\Users\Adrian\.m2\repository\jakarta\transaction\jakarta.transaction-api\2.0.1\jakarta.transaction-api-2.0.1.jar;C:\Users\Adrian\.m2\repository\org\jboss\logging\jboss-logging\3.5.0.Final\jboss-logging-3.5.0.Final.jar;C:\Users\Adrian\.m2\repository\org\hibernate\common\hibernate-commons-annotations\6.0.2.Final\hibernate-commons-annotations-6.0.2.Final.jar;C:\Users\Adrian\.m2\repository\org\jboss\jandex\2.4.2.Final\jandex-2.4.2.Final.jar;C:\Users\Adrian\.m2\repository\com\fasterxml\classmate\1.5.1\classmate-1.5.1.jar;C:\Users\Adrian\.m2\repository\net\bytebuddy\byte-buddy\1.12.22\byte-buddy-1.12.22.jar;C:\Users\Adrian\.m2\repository\org\glassfish\jaxb\jaxb-runtime\4.0.1\jaxb-runtime-4.0.1.jar;C:\Users\Adrian\.m2\repository\org\glassfish\jaxb\jaxb-core\4.0.1\jaxb-core-4.0.1.jar;C:\Users\Adrian\.m2\repository\org\eclipse\angus\angus-activation\1.0.0\angus-activation-1.0.0.jar;C:\Users\Adrian\.m2\repository\org\glassfish\jaxb\txw2\4.0.1\txw2-4.0.1.jar;C:\Users\Adrian\.m2\repository\com\sun\istack\istack-commons-runtime\4.1.1\istack-commons-runtime-4.1.1.jar;C:\Users\Adrian\.m2\repository\jakarta\inject\jakarta.inject-api\2.0.0\jakarta.inject-api-2.0.0.jar;C:\Users\Adrian\.m2\repository\org\antlr\antlr4-runtime\4.10.1\antlr4-runtime-4.10.1.jar;C:\Users\Adrian\.m2\repository\org\springframework\data\spring-data-jpa\3.0.2-SNAPSHOT\spring-data-jpa-3.0.2-SNAPSHOT.jar;C:\Users\Adrian\.m2\repository\org\springframework\data\spring-data-commons\3.0.2-SNAPSHOT\spring-data-commons-3.0.2-SNAPSHOT.jar;C:\Users\Adrian\.m2\repository\org\springframework\spring-orm\6.0.5-SNAPSHOT\spring-orm-6.0.5-SNAPSHOT.jar;C:\Users\Adrian\.m2\repository\org\springframework\spring-context\6.0.5-SNAPSHOT\spring-context-6.0.5-SNAPSHOT.jar;C:\Users\Adrian\.m2\repository\org\springframework\spring-tx\6.0.5-SNAPSHOT\spring-tx-6.0.5-SNAPSHOT.jar;C:\Users\Adrian\.m2\repository\org\springframework\spring-beans\6.0.5-SNAPSHOT\spring-beans-6.0.5-SNAPSHOT.jar;C:\Users\Adrian\.m2\repository\jakarta\annotation\jakarta.annotation-api\2.1.1\jakarta.annotation-api-2.1.1.jar;C:\Users\Adrian\.m2\repository\org\slf4j\slf4j-api\2.0.6\slf4j-api-2.0.6.jar;C:\Users\Adrian\.m2\repository\org\springframework\spring-aspects\6.0.5-SNAPSHOT\spring-aspects-6.0.5-SNAPSHOT.jar;C:\Users\Adrian\.m2\repository\org\springframework\boot\spring-boot-starter-web\3.0.3-SNAPSHOT\spring-boot-starter-web-3.0.3-SNAPSHOT.jar;C:\Users\Adrian\.m2\repository\org\springframework\boot\spring-boot-starter\3.0.3-SNAPSHOT\spring-boot-starter-3.0.3-SNAPSHOT.jar;C:\Users\Adrian\.m2\repository\org\springframework\boot\spring-boot\3.0.3-SNAPSHOT\spring-boot-3.0.3-SNAPSHOT.jar;C:\Users\Adrian\.m2\repository\org\springframework\boot\spring-boot-autoconfigure\3.0.3-SNAPSHOT\spring-boot-autoconfigure-3.0.3-SNAPSHOT.jar;C:\Users\Adrian\.m2\repository\org\springframework\boot\spring-boot-starter-logging\3.0.3-SNAPSHOT\spring-boot-starter-logging-3.0.3-SNAPSHOT.jar;C:\Users\Adrian\.m2\repository\ch\qos\logback\logback-classic\1.4.5\logback-classic-1.4.5.jar;C:\Users\Adrian\.m2\repository\ch\qos\logback\logback-core\1.4.5\logback-core-1.4.5.jar;C:\Users\Adrian\.m2\repository\org\apache\logging\log4j\log4j-to-slf4j\2.19.0\log4j-to-slf4j-2.19.0.jar;C:\Users\Adrian\.m2\repository\org\apache\logging\log4j\log4j-api\2.19.0\log4j-api-2.19.0.jar;C:\Users\Adrian\.m2\repository\org\slf4j\jul-to-slf4j\2.0.6\jul-to-slf4j-2.0.6.jar;C:\Users\Adrian\.m2\repository\org\yaml\snakeyaml\1.33\snakeyaml-1.33.jar;C:\Users\Adrian\.m2\repository\org\springframework\boot\spring-boot-starter-json\3.0.3-SNAPSHOT\spring-boot-starter-json-3.0.3-SNAPSHOT.jar;C:\Users\Adrian\.m2\repository\com\fasterxml\jackson\core\jackson-databind\2.14.1\jackson-databind-2.14.1.jar;C:\Users\Adrian\.m2\repository\com\fasterxml\jackson\core\jackson-annotations\2.14.1\jackson-annotations-2.14.1.jar;C:\Users\Adrian\.m2\repository\com\fasterxml\jackson\core\jackson-core\2.14.1\jackson-core-2.14.1.jar;C:\Users\Adrian\.m2\repository\com\fasterxml\jackson\datatype\jackson-datatype-jdk8\2.14.1\jackson-datatype-jdk8-2.14.1.jar;C:\Users\Adrian\.m2\repository\com\fasterxml\jackson\datatype\jackson-datatype-jsr310\2.14.1\jackson-datatype-jsr310-2.14.1.jar;C:\Users\Adrian\.m2\repository\com\fasterxml\jackson\module\jackson-module-parameter-names\2.14.1\jackson-module-parameter-names-2.14.1.jar;C:\Users\Adrian\.m2\repository\org\springframework\boot\spring-boot-starter-tomcat\3.0.3-SNAPSHOT\spring-boot-starter-tomcat-3.0.3-SNAPSHOT.jar;C:\Users\Adrian\.m2\repository\org\apache\tomcat\embed\tomcat-embed-core\10.1.5\tomcat-embed-core-10.1.5.jar;C:\Users\Adrian\.m2\repository\org\apache\tomcat\embed\tomcat-embed-websocket\10.1.5\tomcat-embed-websocket-10.1.5.jar;C:\Users\Adrian\.m2\repository\org\springframework\spring-web\6.0.5-SNAPSHOT\spring-web-6.0.5-SNAPSHOT.jar;C:\Users\Adrian\.m2\repository\io\micrometer\micrometer-observation\1.10.4-SNAPSHOT\micrometer-observation-1.10.4-SNAPSHOT.jar;C:\Users\Adrian\.m2\repository\io\micrometer\micrometer-commons\1.10.4-SNAPSHOT\micrometer-commons-1.10.4-SNAPSHOT.jar;C:\Users\Adrian\.m2\repository\org\springframework\spring-webmvc\6.0.5-SNAPSHOT\spring-webmvc-6.0.5-SNAPSHOT.jar;C:\Users\Adrian\.m2\repository\org\springframework\spring-expression\6.0.5-SNAPSHOT\spring-expression-6.0.5-SNAPSHOT.jar;C:\Users\Adrian\.m2\repository\org\postgresql\postgresql\42.5.1\postgresql-42.5.1.jar;C:\Users\Adrian\.m2\repository\org\checkerframework\checker-qual\3.5.0\checker-qual-3.5.0.jar;C:\Users\Adrian\.m2\repository\org\springframework\boot\spring-boot-starter-test\3.0.3-SNAPSHOT\spring-boot-starter-test-3.0.3-SNAPSHOT.jar;C:\Users\Adrian\.m2\repository\org\springframework\boot\spring-boot-test\3.0.3-SNAPSHOT\spring-boot-test-3.0.3-SNAPSHOT.jar;C:\Users\Adrian\.m2\repository\org\springframework\boot\spring-boot-test-autoconfigure\3.0.3-SNAPSHOT\spring-boot-test-autoconfigure-3.0.3-SNAPSHOT.jar;C:\Users\Adrian\.m2\repository\com\jayway\jsonpath\json-path\2.7.0\json-path-2.7.0.jar;C:\Users\Adrian\.m2\repository\net\minidev\json-smart\2.4.8\json-smart-2.4.8.jar;C:\Users\Adrian\.m2\repository\net\minidev\accessors-smart\2.4.8\accessors-smart-2.4.8.jar;C:\Users\Adrian\.m2\repository\org\ow2\asm\asm\9.1\asm-9.1.jar;C:\Users\Adrian\.m2\repository\jakarta\xml\bind\jakarta.xml.bind-api\4.0.0\jakarta.xml.bind-api-4.0.0.jar;C:\Users\Adrian\.m2\repository\jakarta\activation\jakarta.activation-api\2.1.1\jakarta.activation-api-2.1.1.jar;C:\Users\Adrian\.m2\repository\org\assertj\assertj-core\3.23.1\assertj-core-3.23.1.jar;C:\Users\Adrian\.m2\repository\org\hamcrest\hamcrest\2.2\hamcrest-2.2.jar;C:\Users\Adrian\.m2\repository\org\junit\jupiter\junit-jupiter\5.9.2\junit-jupiter-5.9.2.jar;C:\Users\Adrian\.m2\repository\org\junit\jupiter\junit-jupiter-api\5.9.2\junit-jupiter-api-5.9.2.jar;C:\Users\Adrian\.m2\repository\org\opentest4j\opentest4j\1.2.0\opentest4j-1.2.0.jar;C:\Users\Adrian\.m2\repository\org\junit\platform\junit-platform-commons\1.9.2\junit-platform-commons-1.9.2.jar;C:\Users\Adrian\.m2\repository\org\apiguardian\apiguardian-api\1.1.2\apiguardian-api-1.1.2.jar;C:\Users\Adrian\.m2\repository\org\junit\jupiter\junit-jupiter-params\5.9.2\junit-jupiter-params-5.9.2.jar;C:\Users\Adrian\.m2\repository\org\junit\jupiter\junit-jupiter-engine\5.9.2\junit-jupiter-engine-5.9.2.jar;C:\Users\Adrian\.m2\repository\org\junit\platform\junit-platform-engine\1.9.2\junit-platform-engine-1.9.2.jar;C:\Users\Adrian\.m2\repository\org\mockito\mockito-core\4.8.1\mockito-core-4.8.1.jar;C:\Users\Adrian\.m2\repository\net\bytebuddy\byte-buddy-agent\1.12.22\byte-buddy-agent-1.12.22.jar;C:\Users\Adrian\.m2\repository\org\objenesis\objenesis\3.2\objenesis-3.2.jar;C:\Users\Adrian\.m2\repository\org\mockito\mockito-junit-jupiter\4.8.1\mockito-junit-jupiter-4.8.1.jar;C:\Users\Adrian\.m2\repository\org\skyscreamer\jsonassert\1.5.1\jsonassert-1.5.1.jar;C:\Users\Adrian\.m2\repository\com\vaadin\external\google\android-json\0.0.20131108.vaadin1\android-json-0.0.20131108.vaadin1.jar;C:\Users\Adrian\.m2\repository\org\springframework\spring-core\6.0.5-SNAPSHOT\spring-core-6.0.5-SNAPSHOT.jar;C:\Users\Adrian\.m2\repository\org\springframework\spring-jcl\6.0.5-SNAPSHOT\spring-jcl-6.0.5-SNAPSHOT.jar;C:\Users\Adrian\.m2\repository\org\springframework\spring-test\6.0.5-SNAPSHOT\spring-test-6.0.5-SNAPSHOT.jar;C:\Users\Adrian\.m2\repository\org\xmlunit\xmlunit-core\2.9.1\xmlunit-core-2.9.1.jar;C:\Users\Adrian\.m2\repository\org\springframework\boot\spring-boot-starter-validation\3.0.3-SNAPSHOT\spring-boot-starter-validation-3.0.3-SNAPSHOT.jar;C:\Users\Adrian\.m2\repository\org\apache\tomcat\embed\tomcat-embed-el\10.1.5\tomcat-embed-el-10.1.5.jar;C:\Users\Adrian\.m2\repository\org\hibernate\validator\hibernate-validator\8.0.0.Final\hibernate-validator-8.0.0.Final.jar;C:\Users\Adrian\.m2\repository\jakarta\validation\jakarta.validation-api\3.0.2\jakarta.validation-api-3.0.2.jar;C:\Users\Adrian\.m2\repository\junit\junit\4.13.2\junit-4.13.2.jar;C:\Users\Adrian\.m2\repository\org\hamcrest\hamcrest-core\2.2\hamcrest-core-2.2.jar;C:\Users\Adrian\.m2\repository\org\mockito\mockito-all\2.0.2-beta\mockito-all-2.0.2-beta.jar;C:\Users\Adrian\.m2\repository\com\google\cloud\tools\appengine-maven-plugin\2.4.4\appengine-maven-plugin-2.4.4.jar;C:\Users\Adrian\.m2\repository\org\apache\maven\maven-plugin-api\3.5.0\maven-plugin-api-3.5.0.jar;C:\Users\Adrian\.m2\repository\org\apache\maven\maven-model\3.5.0\maven-model-3.5.0.jar;C:\Users\Adrian\.m2\repository\org\apache\maven\maven-artifact\3.5.0\maven-artifact-3.5.0.jar;C:\Users\Adrian\.m2\repository\org\eclipse\sisu\org.eclipse.sisu.plexus\0.3.3\org.eclipse.sisu.plexus-0.3.3.jar;C:\Users\Adrian\.m2\repository\javax\enterprise\cdi-api\1.0\cdi-api-1.0.jar;C:\Users\Adrian\.m2\repository\javax\annotation\jsr250-api\1.0\jsr250-api-1.0.jar;C:\Users\Adrian\.m2\repository\org\eclipse\sisu\org.eclipse.sisu.inject\0.3.3\org.eclipse.sisu.inject-0.3.3.jar;C:\Users\Adrian\.m2\repository\org\apache\maven\maven-core\3.5.0\maven-core-3.5.0.jar;C:\Users\Adrian\.m2\repository\org\apache\maven\maven-settings\3.5.0\maven-settings-3.5.0.jar;C:\Users\Adrian\.m2\repository\org\apache\maven\maven-settings-builder\3.5.0\maven-settings-builder-3.5.0.jar;C:\Users\Adrian\.m2\repository\org\apache\maven\maven-builder-support\3.5.0\maven-builder-support-3.5.0.jar;C:\Users\Adrian\.m2\repository\org\apache\maven\maven-repository-metadata\3.5.0\maven-repository-metadata-3.5.0.jar;C:\Users\Adrian\.m2\repository\org\apache\maven\maven-model-builder\3.5.0\maven-model-builder-3.5.0.jar;C:\Users\Adrian\.m2\repository\org\apache\maven\maven-resolver-provider\3.5.0\maven-resolver-provider-3.5.0.jar;C:\Users\Adrian\.m2\repository\org\apache\maven\resolver\maven-resolver-impl\1.0.3\maven-resolver-impl-1.0.3.jar;C:\Users\Adrian\.m2\repository\org\apache\maven\resolver\maven-resolver-api\1.0.3\maven-resolver-api-1.0.3.jar;C:\Users\Adrian\.m2\repository\org\apache\maven\resolver\maven-resolver-spi\1.0.3\maven-resolver-spi-1.0.3.jar;C:\Users\Adrian\.m2\repository\org\apache\maven\resolver\maven-resolver-util\1.0.3\maven-resolver-util-1.0.3.jar;C:\Users\Adrian\.m2\repository\org\apache\maven\shared\maven-shared-utils\3.1.0\maven-shared-utils-3.1.0.jar;C:\Users\Adrian\.m2\repository\com\google\inject\guice\4.0\guice-4.0-no_aop.jar;C:\Users\Adrian\.m2\repository\javax\inject\javax.inject\1\javax.inject-1.jar;C:\Users\Adrian\.m2\repository\aopalliance\aopalliance\1.0\aopalliance-1.0.jar;C:\Users\Adrian\.m2\repository\org\codehaus\plexus\plexus-interpolation\1.24\plexus-interpolation-1.24.jar;C:\Users\Adrian\.m2\repository\org\codehaus\plexus\plexus-utils\3.0.24\plexus-utils-3.0.24.jar;C:\Users\Adrian\.m2\repository\org\codehaus\plexus\plexus-classworlds\2.5.2\plexus-classworlds-2.5.2.jar;C:\Users\Adrian\.m2\repository\org\codehaus\plexus\plexus-component-annotations\1.7.1\plexus-component-annotations-1.7.1.jar;C:\Users\Adrian\.m2\repository\org\sonatype\plexus\plexus-sec-dispatcher\1.4\plexus-sec-dispatcher-1.4.jar;C:\Users\Adrian\.m2\repository\org\sonatype\plexus\plexus-cipher\1.4\plexus-cipher-1.4.jar;C:\Users\Adrian\.m2\repository\org\apache\commons\commons-lang3\3.12.0\commons-lang3-3.12.0.jar;C:\Users\Adrian\.m2\repository\com\google\cloud\tools\appengine-plugins-core\0.9.9\appengine-plugins-core-0.9.9.jar;C:\Users\Adrian\.m2\repository\com\google\guava\guava\30.0-jre\guava-30.0-jre.jar;C:\Users\Adrian\.m2\repository\com\google\guava\failureaccess\1.0.1\failureaccess-1.0.1.jar;C:\Users\Adrian\.m2\repository\com\google\guava\listenablefuture\9999.0-empty-to-avoid-conflict-with-guava\listenablefuture-9999.0-empty-to-avoid-conflict-with-guava.jar;C:\Users\Adrian\.m2\repository\com\google\code\findbugs\jsr305\3.0.2\jsr305-3.0.2.jar;C:\Users\Adrian\.m2\repository\com\google\errorprone\error_prone_annotations\2.3.4\error_prone_annotations-2.3.4.jar;C:\Users\Adrian\.m2\repository\com\google\j2objc\j2objc-annotations\1.3\j2objc-annotations-1.3.jar;C:\Users\Adrian\.m2\repository\com\google\code\gson\gson\2.9.1\gson-2.9.1.jar;C:\Users\Adrian\.m2\repository\org\glassfish\javax.json\1.0.4\javax.json-1.0.4.jar;C:\Users\Adrian\.m2\repository\org\apache\commons\commons-compress\1.21\commons-compress-1.21.jar;C:\Users\Adrian\.m2\repository\commons-io\commons-io\2.7\commons-io-2.7.jar;"/>
    <property name="sun.cpu.endian" value="little"/>
    <property name="user.home" value="C:\Users\Adrian"/>
    <property name="user.language" value="es"/>
    <property name="java.specification.vendor" value="Oracle Corporation"/>
    <property name="java.version.date" value="2023-01-17"/>
    <property name="java.home" value="C:\Users\Adrian\.jdks\openjdk-19.0.2"/>
    <property name="file.separator" value="\"/>
    <property name="basedir" value="C:\Users\Adrian\Desktop\challenge-repos\avorischallenge"/>
    <property name="java.vm.compressedOopsMode" value="Zero based"/>
    <property name="line.separator" value="&#10;"/>
    <property name="java.vm.specification.vendor" value="Oracle Corporation"/>
    <property name="java.specification.name" value="Java Platform API Specification"/>
    <property name="surefire.real.class.path" value="C:\Users\Adrian\AppData\Local\Temp\surefire9736950652883674914\surefirebooter14439413029520390941.jar"/>
    <property name="user.script" value=""/>
    <property name="sun.management.compiler" value="HotSpot 64-Bit Tiered Compilers"/>
    <property name="java.runtime.version" value="19.0.2+7-44"/>
    <property name="user.name" value="Adrian"/>
    <property name="stdout.encoding" value="Cp1252"/>
    <property name="path.separator" value=";"/>
    <property name="os.version" value="10.0"/>
    <property name="java.runtime.name" value="OpenJDK Runtime Environment"/>
    <property name="file.encoding" value="UTF-8"/>
    <property name="java.vm.name" value="OpenJDK 64-Bit Server VM"/>
    <property name="localRepository" value="C:\Users\Adrian\.m2\repository"/>
    <property name="java.vendor.url.bug" value="https://bugreport.java.com/bugreport/"/>
    <property name="java.io.tmpdir" value="C:\Users\Adrian\AppData\Local\Temp\"/>
    <property name="idea.version" value="2022.2"/>
    <property name="java.version" value="19.0.2"/>
    <property name="user.dir" value="C:\Users\Adrian\Desktop\challenge-repos\avorischallenge"/>
    <property name="os.arch" value="amd64"/>
    <property name="java.vm.specification.name" value="Java Virtual Machine Specification"/>
    <property name="sun.os.patch.level" value=""/>
    <property name="native.encoding" value="Cp1252"/>
    <property name="java.library.path" value="C:\Users\Adrian\.jdks\openjdk-19.0.2\bin;C:\WINDOWS\Sun\Java\bin;C:\WINDOWS\system32;C:\WINDOWS;C:\Program Files\Zulu\zulu-8\bin\;C:\ProgramData\Oracle\Java\javapath;C:\WINDOWS\system32;C:\WINDOWS;C:\WINDOWS\System32\Wbem;C:\WINDOWS\System32\WindowsPowerShell\v1.0\;C:\WINDOWS\System32\OpenSSH\;C:\Program Files\Git\cmd;C:\Program Files\Docker\Docker\resources\bin;C:\ProgramData\DockerDesktop\version-bin;C:\Program Files\Maven\apache-maven-3.6.1\bin;C:\Program Files\nodejs\;C:\Users\Adrian\AppData\Local\Microsoft\WindowsApps;C:\Users\Adrian\AppData\Local\Programs\Microsoft VS Code\bin;C:\Program Files\JetBrains\IntelliJ IDEA Community Edition 2022.2\bin;C:\Users\Adrian\AppData\Local\spicetify;C:\Users\Adrian\AppData\Roaming\npm;C:\Users\Adrian\AppData\Local\Microsoft\WindowsApps;C:\Users\Adrian\AppData\Local\GitHubDesktop\bin;."/>
    <property name="java.vm.info" value="mixed mode, sharing"/>
    <property name="stderr.encoding" value="Cp1252"/>
    <property name="java.vendor" value="Oracle Corporation"/>
    <property name="java.vm.version" value="19.0.2+7-44"/>
    <property name="sun.io.unicode.encoding" value="UnicodeLittle"/>
    <property name="java.class.version" value="63.0"/>
  </properties>
  <testcase name="main" classname="com.avoris.challenge.AvorischallengeApplicationTests" time="6.622"/>
</testsuite>